

Version:	3.12
CmdLine:	C:\Users\Dell\Desktop\Diu Assistent\Diu Assist v1.5.exe --l4j-debug
WOW64:		yes
Working dir:	C:\Users\Dell\Desktop\Diu Assistent\.
Java min ver:	
Java max ver:	
Bundled JRE:	jre
Check launcher:	C:\Users\Dell\Desktop\Diu Assistent\jre\bin\javaw.exe (OK)
Launcher:	C:\Users\Dell\Desktop\Diu Assistent\jre\bin\javaw.exe
Launcher args:	-jar "C:\Users\Dell\Desktop\Diu Assistent\Diu Assist v1.5.exe"
Args length:	62/32768 chars
Exit code:	0


Version:	3.12
CmdLine:	C:\Users\Dell\Desktop\Diu Assistent\Diu Assist v1.5.exe --l4j-debug
WOW64:		yes
Working dir:	C:\Users\Dell\Desktop\Diu Assistent\.
Java min ver:	
Java max ver:	
Bundled JRE:	jre
Check launcher:	C:\Users\Dell\Desktop\Diu Assistent\jre\bin\javaw.exe (OK)
Launcher:	C:\Users\Dell\Desktop\Diu Assistent\jre\bin\javaw.exe
Launcher args:	-jar "C:\Users\Dell\Desktop\Diu Assistent\Diu Assist v1.5.exe"
Args length:	62/32768 chars
Exit code:	0


Version:	3.12
CmdLine:	C:\Users\Dell\Desktop\Diu Assistent\Diu Assist v1.5.exe --l4j-debug
WOW64:		yes
Working dir:	C:\Users\Dell\Desktop\Diu Assistent\.
Java min ver:	
Java max ver:	
Bundled JRE:	jre
Check launcher:	C:\Users\Dell\Desktop\Diu Assistent\jre\bin\javaw.exe (OK)
Launcher:	C:\Users\Dell\Desktop\Diu Assistent\jre\bin\javaw.exe
Launcher args:	-jar "C:\Users\Dell\Desktop\Diu Assistent\Diu Assist v1.5.exe"
Args length:	62/32768 chars
Exit code:	0
